app/build/intermediates/manifest_merge_blame_file/debug/manifest-merger-blame-debug-report.txt
1<?xml version="1.0" encoding="utf-8"?>
2<manifest xmlns:android="http://schemas.android.com/apk/res/android"
3    package="com.v.p.miband2connect"
4    android:versionCode="1"
5    android:versionName="1.0" >
6
7    <uses-sdk
8        android:minSdkVersion="23"
8-->src\main\AndroidManifest.xml
9        android:targetSdkVersion="26" />
9-->src\main\AndroidManifest.xml
10
11    <uses-permission android:name="android.permission.WRITE_EXTERNAL_STORAGE" />
11-->src\main\AndroidManifest.xml:5:5-80
11-->src\main\AndroidManifest.xml:5:22-78
12
13    <uses-feature android:name="android.hardware.bluetooth" />
13-->src\main\AndroidManifest.xml:7:5-63
13-->src\main\AndroidManifest.xml:7:19-60
14    <uses-feature
14-->src\main\AndroidManifest.xml:8:5-89
15        android:name="android.hardware.bluetooth_le"
15-->src\main\AndroidManifest.xml:8:19-63
16        android:required="true" />
16-->src\main\AndroidManifest.xml:8:64-87
17
18    <uses-permission android:name="android.permission.BLUETOOTH" />
18-->src\main\AndroidManifest.xml:10:5-68
18-->src\main\AndroidManifest.xml:10:22-65
19    <uses-permission android:name="android.permission.BLUETOOTH_ADMIN" />
19-->src\main\AndroidManifest.xml:11:5-73
19-->src\main\AndroidManifest.xml:11:22-71
20    <uses-permission android:name="android.permission.ACCESS_COARSE_LOCATION" />
20-->src\main\AndroidManifest.xml:12:5-81
20-->src\main\AndroidManifest.xml:12:22-78
21    <uses-permission android:name="android.permission.ACCESS_FINE_LOCATION" />
21-->src\main\AndroidManifest.xml:13:5-79
21-->src\main\AndroidManifest.xml:13:22-76
22    <uses-permission android:name="android.permission.INTERNET" />
22-->src\main\AndroidManifest.xml:14:5-66
22-->src\main\AndroidManifest.xml:14:22-64
23
24    <application
24-->src\main\AndroidManifest.xml:16:5-30:19
25        android:allowBackup="true"
25-->src\main\AndroidManifest.xml:17:9-35
26        android:debuggable="true"
27        android:icon="@mipmap/ic_launcher"
27-->src\main\AndroidManifest.xml:18:9-43
28        android:label="@string/app_name"
28-->src\main\AndroidManifest.xml:19:9-41
29        android:roundIcon="@mipmap/ic_launcher_round"
29-->src\main\AndroidManifest.xml:20:9-54
30        android:supportsRtl="true"
30-->src\main\AndroidManifest.xml:21:9-35
31        android:testOnly="true"
32        android:theme="@style/AppTheme" >
32-->src\main\AndroidManifest.xml:22:9-40
33        <activity android:name="com.v.p.miband2connect.GattClientMainActivity" >
33-->src\main\AndroidManifest.xml:23:9-29:20
33-->src\main\AndroidManifest.xml:23:19-79
34            <intent-filter>
34-->src\main\AndroidManifest.xml:24:13-28:29
35                <action android:name="android.intent.action.MAIN" />
35-->src\main\AndroidManifest.xml:25:17-69
35-->src\main\AndroidManifest.xml:25:25-66
36
37                <category android:name="android.intent.category.LAUNCHER" />
37-->src\main\AndroidManifest.xml:27:17-77
37-->src\main\AndroidManifest.xml:27:27-74
38            </intent-filter>
39        </activity>
40
41        <meta-data
41-->[com.android.support:appcompat-v7:26.1.0] AndroidManifest.xml:26:9-28:38
42            android:name="android.support.VERSION"
42-->[com.android.support:appcompat-v7:26.1.0] AndroidManifest.xml:27:13-51
43            android:value="26.1.0" />
43-->[com.android.support:appcompat-v7:26.1.0] AndroidManifest.xml:28:13-35
44        <meta-data
44-->[android.arch.lifecycle:runtime:1.0.0] AndroidManifest.xml:25:9-27:47
45            android:name="android.arch.lifecycle.VERSION"
45-->[android.arch.lifecycle:runtime:1.0.0] AndroidManifest.xml:26:13-58
46            android:value="27.0.0-SNAPSHOT" />
46-->[android.arch.lifecycle:runtime:1.0.0] AndroidManifest.xml:27:13-44
47    </application>
48
49</manifest>